<?xml version="1.0"?>
<!DOCTYPE coverage SYSTEM "http://cobertura.sourceforge.net/xml/coverage-04.dtd">
<coverage 
line-rate="0.68" lines-valid="90" lines-covered="61" branches-valid="16" branches-covered="15" branch-rate="0.94" complexity="0" version="1.0" timestamp="1563964281437">
    <sources>
        <source>--source</source>
        <source>/home/knoldus/ScalaProjects/assignment1/src/main/scala</source>
    </sources>
    <packages>
        <package name="&lt;empty&gt;" line-rate="0.68" branch-rate="0.94" complexity="0">
            <classes>
                <class name="Main" filename="Main.scala" line-rate="0.68" branch-rate="0.94" complexity="0">
                    <methods>
                        <method name="&lt;empty&gt;/Main/nfibonacci" signature="()V" line-rate="1.00" branch-rate="1.00" complexity="0">
                            <lines>
                                <line number="65" hits="1" branch="false"/>
                                <line number="63" hits="1" branch="false"/>
                                <line number="63" hits="1" branch="false"/>
                                <line number="63" hits="1" branch="false"/>
                                <line number="65" hits="1" branch="false"/>
                                <line number="63" hits="1" branch="false"/>
                                <line number="63" hits="1" branch="false"/>
                            </lines>
                        </method>
                        <method name="&lt;empty&gt;/Main/digitSum" signature="()V" line-rate="1.00" branch-rate="1.00" complexity="0">
                            <lines>
                                <line number="96" hits="1" branch="false"/>
                                <line number="98" hits="1" branch="false"/>
                                <line number="98" hits="1" branch="false"/>
                                <line number="95" hits="1" branch="false"/>
                                <line number="98" hits="1" branch="false"/>
                                <line number="98" hits="1" branch="false"/>
                                <line number="98" hits="1" branch="false"/>
                                <line number="98" hits="1" branch="false"/>
                                <line number="95" hits="1" branch="false"/>
                                <line number="98" hits="1" branch="false"/>
                            </lines>
                        </method>
                        <method name="&lt;empty&gt;/Main/fact" signature="()V" line-rate="1.00" branch-rate="1.00" complexity="0">
                            <lines>
                                <line number="89" hits="1" branch="false"/>
                                <line number="89" hits="1" branch="false"/>
                                <line number="89" hits="1" branch="false"/>
                                <line number="89" hits="1" branch="false"/>
                                <line number="89" hits="1" branch="false"/>
                                <line number="89" hits="1" branch="false"/>
                                <line number="89" hits="1" branch="false"/>
                            </lines>
                        </method>
                        <method name="&lt;empty&gt;/Main/sumOfDigits" signature="()V" line-rate="1.00" branch-rate="1.00" complexity="0">
                            <lines>
                                <line number="80" hits="1" branch="false"/>
                                <line number="80" hits="1" branch="false"/>
                                <line number="82" hits="1" branch="false"/>
                                <line number="79" hits="1" branch="false"/>
                                <line number="80" hits="1" branch="false"/>
                                <line number="80" hits="1" branch="false"/>
                                <line number="82" hits="1" branch="false"/>
                            </lines>
                        </method>
                        <method name="&lt;empty&gt;/Main/showList" signature="()V" line-rate="0.25" branch-rate="0.50" complexity="0">
                            <lines>
                                <line number="33" hits="1" branch="false"/>
                                <line number="35" hits="0" branch="false"/>
                                <line number="35" hits="0" branch="false"/>
                                <line number="36" hits="0" branch="false"/>
                                <line number="33" hits="1" branch="false"/>
                                <line number="36" hits="0" branch="false"/>
                                <line number="33" hits="0" branch="false"/>
                                <line number="36" hits="0" branch="false"/>
                                <line number="35" hits="0" branch="false"/>
                                <line number="33" hits="1" branch="false"/>
                                <line number="36" hits="0" branch="false"/>
                                <line number="33" hits="0" branch="false"/>
                            </lines>
                        </method>
                        <method name="&lt;empty&gt;/Main/fibo" signature="()V" line-rate="1.00" branch-rate="1.00" complexity="0">
                            <lines>
                                <line number="72" hits="1" branch="false"/>
                                <line number="73" hits="1" branch="false"/>
                                <line number="73" hits="1" branch="false"/>
                                <line number="72" hits="1" branch="false"/>
                                <line number="73" hits="1" branch="false"/>
                                <line number="73" hits="1" branch="false"/>
                            </lines>
                        </method>
                        <method name="&lt;empty&gt;/Main/maxFind" signature="()V" line-rate="1.00" branch-rate="1.00" complexity="0">
                            <lines>
                                <line number="45" hits="1" branch="false"/>
                                <line number="47" hits="1" branch="false"/>
                                <line number="45" hits="1" branch="false"/>
                                <line number="44" hits="1" branch="false"/>
                                <line number="44" hits="1" branch="false"/>
                                <line number="44" hits="1" branch="false"/>
                            </lines>
                        </method>
                        <method name="&lt;empty&gt;/Main/tailMaxFind" signature="()V" line-rate="1.00" branch-rate="1.00" complexity="0">
                            <lines>
                                <line number="56" hits="1" branch="false"/>
                                <line number="52" hits="1" branch="false"/>
                                <line number="56" hits="1" branch="false"/>
                                <line number="52" hits="1" branch="false"/>
                                <line number="52" hits="1" branch="false"/>
                                <line number="52" hits="1" branch="false"/>
                                <line number="51" hits="1" branch="false"/>
                                <line number="54" hits="1" branch="false"/>
                                <line number="52" hits="1" branch="false"/>
                                <line number="56" hits="1" branch="false"/>
                                <line number="52" hits="1" branch="false"/>
                                <line number="52" hits="1" branch="false"/>
                                <line number="51" hits="1" branch="false"/>
                                <line number="52" hits="1" branch="false"/>
                                <line number="56" hits="1" branch="false"/>
                            </lines>
                        </method>
                        <method name="&lt;empty&gt;/Main/main" signature="()V" line-rate="0.00" branch-rate="0.00" complexity="0">
                            <lines>
                                <line number="25" hits="0" branch="false"/>
                                <line number="22" hits="0" branch="false"/>
                                <line number="23" hits="0" branch="false"/>
                                <line number="26" hits="0" branch="false"/>
                                <line number="10" hits="0" branch="false"/>
                                <line number="13" hits="0" branch="false"/>
                                <line number="24" hits="0" branch="false"/>
                                <line number="12" hits="0" branch="false"/>
                                <line number="24" hits="0" branch="false"/>
                                <line number="25" hits="0" branch="false"/>
                                <line number="18" hits="0" branch="false"/>
                                <line number="23" hits="0" branch="false"/>
                                <line number="9" hits="0" branch="false"/>
                                <line number="25" hits="0" branch="false"/>
                                <line number="22" hits="0" branch="false"/>
                                <line number="25" hits="0" branch="false"/>
                                <line number="24" hits="0" branch="false"/>
                                <line number="11" hits="0" branch="false"/>
                                <line number="24" hits="0" branch="false"/>
                                <line number="16" hits="0" branch="false"/>
                            </lines>
                        </method>
                    </methods>
                    <lines>
                        <line number="96" hits="1" branch="false"/>
                        <line number="33" hits="1" branch="false"/>
                        <line number="98" hits="1" branch="false"/>
                        <line number="89" hits="1" branch="false"/>
                        <line number="80" hits="1" branch="false"/>
                        <line number="65" hits="1" branch="false"/>
                        <line number="56" hits="1" branch="false"/>
                        <line number="35" hits="0" branch="false"/>
                        <line number="52" hits="1" branch="false"/>
                        <line number="72" hits="1" branch="false"/>
                        <line number="56" hits="1" branch="false"/>
                        <line number="52" hits="1" branch="false"/>
                        <line number="45" hits="1" branch="false"/>
                        <line number="25" hits="0" branch="false"/>
                        <line number="22" hits="0" branch="false"/>
                        <line number="35" hits="0" branch="false"/>
                        <line number="89" hits="1" branch="false"/>
                        <line number="98" hits="1" branch="false"/>
                        <line number="80" hits="1" branch="false"/>
                        <line number="23" hits="0" branch="false"/>
                        <line number="89" hits="1" branch="false"/>
                        <line number="63" hits="1" branch="false"/>
                        <line number="52" hits="1" branch="false"/>
                        <line number="47" hits="1" branch="false"/>
                        <line number="36" hits="0" branch="false"/>
                        <line number="26" hits="0" branch="false"/>
                        <line number="10" hits="0" branch="false"/>
                        <line number="73" hits="1" branch="false"/>
                        <line number="13" hits="0" branch="false"/>
                        <line number="24" hits="0" branch="false"/>
                        <line number="52" hits="1" branch="false"/>
                        <line number="95" hits="1" branch="false"/>
                        <line number="82" hits="1" branch="false"/>
                        <line number="73" hits="1" branch="false"/>
                        <line number="63" hits="1" branch="false"/>
                        <line number="98" hits="1" branch="false"/>
                        <line number="79" hits="1" branch="false"/>
                        <line number="63" hits="1" branch="false"/>
                        <line number="51" hits="1" branch="false"/>
                        <line number="54" hits="1" branch="false"/>
                        <line number="12" hits="0" branch="false"/>
                        <line number="24" hits="0" branch="false"/>
                        <line number="89" hits="1" branch="false"/>
                        <line number="33" hits="1" branch="false"/>
                        <line number="36" hits="0" branch="false"/>
                        <line number="25" hits="0" branch="false"/>
                        <line number="89" hits="1" branch="false"/>
                        <line number="18" hits="0" branch="false"/>
                        <line number="98" hits="1" branch="false"/>
                        <line number="52" hits="1" branch="false"/>
                        <line number="56" hits="1" branch="false"/>
                        <line number="80" hits="1" branch="false"/>
                        <line number="33" hits="0" branch="false"/>
                        <line number="45" hits="1" branch="false"/>
                        <line number="72" hits="1" branch="false"/>
                        <line number="23" hits="0" branch="false"/>
                        <line number="44" hits="1" branch="false"/>
                        <line number="9" hits="0" branch="false"/>
                        <line number="36" hits="0" branch="false"/>
                        <line number="25" hits="0" branch="false"/>
                        <line number="65" hits="1" branch="false"/>
                        <line number="98" hits="1" branch="false"/>
                        <line number="80" hits="1" branch="false"/>
                        <line number="89" hits="1" branch="false"/>
                        <line number="73" hits="1" branch="false"/>
                        <line number="98" hits="1" branch="false"/>
                        <line number="52" hits="1" branch="false"/>
                        <line number="63" hits="1" branch="false"/>
                        <line number="82" hits="1" branch="false"/>
                        <line number="95" hits="1" branch="false"/>
                        <line number="44" hits="1" branch="false"/>
                        <line number="35" hits="0" branch="false"/>
                        <line number="22" hits="0" branch="false"/>
                        <line number="25" hits="0" branch="false"/>
                        <line number="52" hits="1" branch="false"/>
                        <line number="33" hits="1" branch="false"/>
                        <line number="63" hits="1" branch="false"/>
                        <line number="24" hits="0" branch="false"/>
                        <line number="11" hits="0" branch="false"/>
                        <line number="98" hits="1" branch="false"/>
                        <line number="89" hits="1" branch="false"/>
                        <line number="36" hits="0" branch="false"/>
                        <line number="51" hits="1" branch="false"/>
                        <line number="73" hits="1" branch="false"/>
                        <line number="24" hits="0" branch="false"/>
                        <line number="52" hits="1" branch="false"/>
                        <line number="56" hits="1" branch="false"/>
                        <line number="44" hits="1" branch="false"/>
                        <line number="16" hits="0" branch="false"/>
                        <line number="33" hits="0" branch="false"/>
                    </lines>
                </class>
            </classes>
        </package>
    </packages>
</coverage>
